#
# There is insufficient memory for the Java Runtime Environment to continue.
# Native memory allocation (mmap) failed to map 123731968 bytes for G1 virtual space
# Possible reasons:
#   The system is out of physical RAM or swap space
#   The process is running with CompressedOops enabled, and the Java Heap may be blocking the growth of the native heap
# Possible solutions:
#   Reduce memory load on the system
#   Increase physical memory or swap space
#   Check if swap backing store is full
#   Decrease Java heap size (-Xmx/-Xms)
#   Decrease number of Java threads
#   Decrease Java thread stack sizes (-Xss)
#   Set larger code cache with -XX:ReservedCodeCacheSize=
#   JVM is running with Unscaled Compressed Oops mode in which the Java heap is
#     placed in the first 4GB address space. The Java Heap base address is the
#     maximum limit for the native heap growth. Please use -XX:HeapBaseMinAddress
#     to set the Java Heap base and to place the Java Heap above 4GB virtual address.
# This output file may be truncated or incomplete.
#
#  Out of Memory Error (os_windows.cpp:3548), pid=22428, tid=12764
#
# JRE version:  (17.0.11+7) (build )
# Java VM: Java HotSpot(TM) 64-Bit Server VM (17.0.11+7-LTS-207, mixed mode, sharing, tiered, compressed oops, compressed class ptrs, g1 gc, windows-amd64)
# No core dump will be written. Minidumps are not enabled by default on client versions of Windows
#

---------------  S U M M A R Y ------------

Command Line: -Dnet.bytebuddy.agent.attacher.dump= net.bytebuddy.agent.Attacher com.sun.tools.attach.VirtualMachine 26208 C:\Users\VRroganh46\.m2\repository\net\bytebuddy\byte-buddy-agent\1.17.8\byte-buddy-agent-1.17.8.jar false 

Host: AMD Ryzen 5 4600H with Radeon Graphics         , 12 cores, 7G,  Windows 11 , 64 bit Build 26100 (10.0.26100.7309)
Time: Wed Feb  4 23:10:25 2026 India Standard Time elapsed time: 1.616118 seconds (0d 0h 0m 1s)

---------------  T H R E A D  ---------------

Current thread (0x000001a24ea41e20):  JavaThread "Unknown thread" [_thread_in_vm, id=12764, stack(0x00000054f3a00000,0x00000054f3b00000)]

Stack: [0x00000054f3a00000,0x00000054f3b00000]
Native frames: (J=compiled Java code, j=interpreted, Vv=VM code, C=native code)
V  [jvm.dll+0x679cca]
V  [jvm.dll+0x7da13d]
V  [jvm.dll+0x7dba83]
V  [jvm.dll+0x7dc0f3]
V  [jvm.dll+0x2449af]
V  [jvm.dll+0x676ce9]
V  [jvm.dll+0x66b852]
V  [jvm.dll+0x3018d6]
V  [jvm.dll+0x308e76]
V  [jvm.dll+0x3596ee]
V  [jvm.dll+0x35991f]
V  [jvm.dll+0x2d89a8]
V  [jvm.dll+0x2d9914]
V  [jvm.dll+0x7ac6b1]
V  [jvm.dll+0x366f61]
V  [jvm.dll+0x78b609]
V  [jvm.dll+0x3ec22f]
V  [jvm.dll+0x3ede61]
C  [jli.dll+0x5297]
C  [ucrtbase.dll+0x37b0]
C  [KERNEL32.DLL+0x2e8d7]
C  [ntdll.dll+0x8c53c]


---------------  P R O C E S S  ---------------

Threads class SMR info:
_java_thread_list=0x00007ffaa1747a18, length=0, elements={
}

Java Threads: ( => current thread )

Other Threads:
  0x000001a24ea98440 GCTaskThread "GC Thread#0" [stack: 0x00000054f3b00000,0x00000054f3c00000] [id=23924]
  0x000001a24eaa8c60 ConcurrentGCThread "G1 Main Marker" [stack: 0x00000054f3c00000,0x00000054f3d00000] [id=19936]
  0x000001a24eaac590 ConcurrentGCThread "G1 Conc#0" [stack: 0x00000054f3d00000,0x00000054f3e00000] [id=14352]

[error occurred during error reporting (printing all threads), id 0xc0000005, EXCEPTION_ACCESS_VIOLATION (0xc0000005) at pc=0x00007ffaa0f79497]

VM state: not at safepoint (not fully initialized)

VM Mutex/Monitor currently owned by a thread:  ([mutex/lock_event])
[0x000001a24ea3c070] Heap_lock - owner thread: 0x000001a24ea41e20

Heap address: 0x000000008a000000, size: 1888 MB, Compressed Oops mode: 32-bit

CDS archive(s) mapped at: [0x0000000000000000-0x0000000000000000-0x0000000000000000), size 0, SharedBaseAddress: 0x0000000800000000, ArchiveRelocationMode: 1.
Narrow klass base: 0x0000000000000000, Narrow klass shift: 0, Narrow klass range: 0x0

GC Precious Log:
<Empty>

Heap:
 garbage-first heap   total 0K, used 0K [0x000000008a000000, 0x0000000100000000)
  region size 1024K, 0 young (0K), 0 survivors (0K)

[error occurred during error reporting (printing heap information), id 0xc0000005, EXCEPTION_ACCESS_VIOLATION (0xc0000005) at pc=0x00007ffaa1363559]

GC Heap History (0 events):
No events

Deoptimization events (0 events):
No events

Classes unloaded (0 events):
No events

Classes redefined (0 events):
No events

Internal exceptions (0 events):
No events

VM Operations (0 events):
No events

Events (1 events):
Event: 0.010 Loaded shared library C:\Program Files\Java\jdk-17\bin\java.dll


Dynamic libraries:
0x00007ff7c3060000 - 0x00007ff7c3070000 	C:\Program Files\Java\jdk-17\bin\java.exe
0x00007ffb83b80000 - 0x00007ffb83de7000 	C:\WINDOWS\SYSTEM32\ntdll.dll
0x00007ffb82390000 - 0x00007ffb82459000 	C:\WINDOWS\System32\KERNEL32.DLL
0x00007ffb80ed0000 - 0x00007ffb812bf000 	C:\WINDOWS\System32\KERNELBASE.dll
0x00007ffb80cd0000 - 0x00007ffb80e1b000 	C:\WINDOWS\System32\ucrtbase.dll
0x00007ffb71100000 - 0x00007ffb7111b000 	C:\Program Files\Java\jdk-17\bin\VCRUNTIME140.dll
0x00007ffb710e0000 - 0x00007ffb710f9000 	C:\Program Files\Java\jdk-17\bin\jli.dll
0x00007ffb83400000 - 0x00007ffb834b4000 	C:\WINDOWS\System32\ADVAPI32.dll
0x00007ffb83a90000 - 0x00007ffb83b39000 	C:\WINDOWS\System32\msvcrt.dll
0x00007ffb832e0000 - 0x00007ffb83386000 	C:\WINDOWS\System32\sechost.dll
0x00007ffb834c0000 - 0x00007ffb835d8000 	C:\WINDOWS\System32\RPCRT4.dll
0x00007ffb81fc0000 - 0x00007ffb82185000 	C:\WINDOWS\System32\USER32.dll
0x00007ffb814e0000 - 0x00007ffb81507000 	C:\WINDOWS\System32\win32u.dll
0x00007ffb6cda0000 - 0x00007ffb6d033000 	C:\WINDOWS\WinSxS\amd64_microsoft.windows.common-controls_6595b64144ccf1df_6.0.26100.7309_none_3e05feeae336a044\COMCTL32.dll
0x00007ffb81920000 - 0x00007ffb8194b000 	C:\WINDOWS\System32\GDI32.dll
0x00007ffb817f0000 - 0x00007ffb8191c000 	C:\WINDOWS\System32\gdi32full.dll
0x00007ffb81510000 - 0x00007ffb815b3000 	C:\WINDOWS\System32\msvcp_win.dll
0x00007ffb79a60000 - 0x00007ffb79a6b000 	C:\WINDOWS\SYSTEM32\VERSION.dll
0x00007ffb838a0000 - 0x00007ffb838d1000 	C:\WINDOWS\System32\IMM32.DLL
0x00007ffb71a70000 - 0x00007ffb71a7c000 	C:\Program Files\Java\jdk-17\bin\vcruntime140_1.dll
0x00007ffac73c0000 - 0x00007ffac744e000 	C:\Program Files\Java\jdk-17\bin\msvcp140.dll
0x00007ffaa0c90000 - 0x00007ffaa1870000 	C:\Program Files\Java\jdk-17\bin\server\jvm.dll
0x00007ffb83130000 - 0x00007ffb83138000 	C:\WINDOWS\System32\PSAPI.DLL
0x00007ffb72100000 - 0x00007ffb7210a000 	C:\WINDOWS\SYSTEM32\WSOCK32.dll
0x00007ffb78780000 - 0x00007ffb787b5000 	C:\WINDOWS\SYSTEM32\WINMM.dll
0x00007ffb835e0000 - 0x00007ffb83654000 	C:\WINDOWS\System32\WS2_32.dll
0x00007ffb7fa80000 - 0x00007ffb7fa9b000 	C:\WINDOWS\SYSTEM32\kernel.appcore.dll
0x00007ffb710d0000 - 0x00007ffb710da000 	C:\Program Files\Java\jdk-17\bin\jimage.dll
0x00007ffb7e690000 - 0x00007ffb7e8d2000 	C:\WINDOWS\SYSTEM32\DBGHELP.DLL
0x00007ffb82da0000 - 0x00007ffb83125000 	C:\WINDOWS\System32\combase.dll
0x00007ffb83200000 - 0x00007ffb832d6000 	C:\WINDOWS\System32\OLEAUT32.dll
0x00007ffb6da80000 - 0x00007ffb6dabc000 	C:\WINDOWS\SYSTEM32\dbgcore.DLL
0x00007ffb80e20000 - 0x00007ffb80ec5000 	C:\WINDOWS\System32\bcryptPrimitives.dll
0x00007ffb6f9e0000 - 0x00007ffb6fa05000 	C:\Program Files\Java\jdk-17\bin\java.dll

dbghelp: loaded successfully - version: 4.0.5 - missing functions: none
symbol engine: initialized successfully - sym options: 0x614 - pdb path: .;C:\Program Files\Java\jdk-17\bin;C:\WINDOWS\SYSTEM32;C:\WINDOWS\WinSxS\amd64_microsoft.windows.common-controls_6595b64144ccf1df_6.0.26100.7309_none_3e05feeae336a044;C:\Program Files\Java\jdk-17\bin\server

VM Arguments:
jvm_args: -Dnet.bytebuddy.agent.attacher.dump= 
java_command: net.bytebuddy.agent.Attacher com.sun.tools.attach.VirtualMachine 26208 C:\Users\VRroganh46\.m2\repository\net\bytebuddy\byte-buddy-agent\1.17.8\byte-buddy-agent-1.17.8.jar false 
java_class_path (initial): C:\Users\VRroganh46\.m2\repository\net\bytebuddy\byte-buddy-agent\1.17.8\byte-buddy-agent-1.17.8.jar
Launcher Type: SUN_STANDARD

[Global flags]
     intx CICompilerCount                          = 4                                         {product} {ergonomic}
     uint ConcGCThreads                            = 3                                         {product} {ergonomic}
     uint G1ConcRefinementThreads                  = 10                                        {product} {ergonomic}
   size_t G1HeapRegionSize                         = 1048576                                   {product} {ergonomic}
    uintx GCDrainStackTargetSize                   = 64                                        {product} {ergonomic}
   size_t InitialHeapSize                          = 123731968                                 {product} {ergonomic}
   size_t MarkStackSize                            = 4194304                                   {product} {ergonomic}
   size_t MaxHeapSize                              = 1979711488                                {product} {ergonomic}
   size_t MinHeapDeltaBytes                        = 1048576                                   {product} {ergonomic}
   size_t MinHeapSize                              = 8388608                                   {product} {ergonomic}
    uintx NonNMethodCodeHeapSize                   = 5839372                                {pd product} {ergonomic}
    uintx NonProfiledCodeHeapSize                  = 122909434                              {pd product} {ergonomic}
    uintx ProfiledCodeHeapSize                     = 122909434                              {pd product} {ergonomic}
    uintx ReservedCodeCacheSize                    = 251658240                              {pd product} {ergonomic}
     bool SegmentedCodeCache                       = true                                      {product} {ergonomic}
   size_t SoftMaxHeapSize                          = 1979711488                             {manageable} {ergonomic}
     bool UseCompressedClassPointers               = true                           {product lp64_product} {ergonomic}
     bool UseCompressedOops                        = true                           {product lp64_product} {ergonomic}
     bool UseG1GC                                  = true                                      {product} {ergonomic}
     bool UseLargePagesIndividualAllocation        = false                                  {pd product} {ergonomic}

Logging:
Log output configuration:
 #0: stdout all=warning uptime,level,tags
 #1: stderr all=off uptime,level,tags

Environment Variables:
JAVA_HOME=C:\Program Files\Java\jdk-17
PATH=C:\Python312\Scripts\;C:\Python312\;C:\Program Files\Common Files\Oracle\Java\javapath;C:\Users\VRroganh46\PycharmProjects\miniproject\venv\Scripts;C:\WINDOWS\system32;C:\WINDOWS;C:\WINDOWS\System32\Wbem;C:\WINDOWS\System32\WindowsPowerShell\v1.0\;C:\WINDOWS\System32\OpenSSH\;C:\Program Files\Java\jdk-22\bin;C:\Users\VRroganh46\AppData\Roaming\nvm;C:\Program Files\nodejs;C:\ProgramData\chocolatey\bin;C:\Program Files (x86)\NVIDIA Corporation\PhysX\Common;C:\Program Files\Git\cmd;C:\Program Files\NVIDIA Corporation\NVIDIA app\NvDLISR;C:\Program Files\Microsoft SQL Server\150\Tools\Binn\;C:\Program Files\Microsoft SQL Server\Client SDK\ODBC\170\Tools\Binn\;C:\Program Files\dotnet\;C:\Program Files (x86)\Microsoft SQL Server\160\DTS\Binn\;C:\nodejs\;C:\Program Files\Tesseract-OCR;C:\Python312\Scripts\;C:\Python312\;C:\Program Files\Common Files\Oracle\Java\javapath;C:\Users\VRroganh46\PycharmProjects\miniproject\venv\Scripts;C:\WINDOWS\system32;C:\WINDOWS;C:\WINDOWS\System32\Wbem;C:\WINDOWS\System32\WindowsPowerShell\v1.0\;C:\WINDOWS\System32\OpenSSH\;C:\Program Files\Java\jdk-22\bin;C:\Users\VRroganh46\AppData\Roaming\nvm;C:\Program Files\nodejs;C:\ProgramData\chocolatey\bin;C:\Program Files (x86)\NVIDIA Corporation\PhysX\Common;C:\Program Files\Git\cmd;C:\Program Files\NVIDIA Corporation\NVIDIA app\NvDLISR;C:\Program Files\Microsoft SQL Server\150\Tools\Binn\;C:\Program Files\Microsoft SQL Server\Client SDK\ODBC\170\Tools\Binn\;C:\Program Files\dotnet\;C:\Program Files (x86)\Microsoft SQL Server\160\DTS\Binn\;C:\nodejs\;C:\Users\VRroganh46\AppData\Local\GitHubDesktop\bin;D:\Microsoft VS Code\bin;C:\Users\VRroganh46\AppData\Local\Microsoft\WindowsApps;C:\Users\VRroganh46\AppData\Roaming\npm;C:\Program Files\Tesseract-OCR
USERNAME=VRroganh46
OS=Windows_NT
PROCESSOR_IDENTIFIER=AMD64 Family 23 Model 96 Stepping 1, AuthenticAMD



---------------  S Y S T E M  ---------------

OS:
 Windows 11 , 64 bit Build 26100 (10.0.26100.7309)
OS uptime: 0 days 11:20 hours

CPU: total 12 (initial active 12) (12 cores per cpu, 2 threads per core) family 23 model 96 stepping 1 microcode 0x8600104, cx8, cmov, fxsr, ht, mmx, 3dnowpref, sse, sse2, sse3, ssse3, sse4a, sse4.1, sse4.2, popcnt, lzcnt, tsc, tscinvbit, avx, avx2, aes, clmul, bmi1, bmi2, adx, sha, fma, vzeroupper, clflush, clflushopt

Memory: 4k page, system-wide physical 7549M (613M free)
TotalPageFile size 19837M (AvailPageFile size 45M)
current process WorkingSet (physical memory assigned to process): 12M, peak: 12M
current process commit charge ("private bytes"): 64M, peak: 182M

vm_info: Java HotSpot(TM) 64-Bit Server VM (17.0.11+7-LTS-207) for windows-amd64 JRE (17.0.11+7-LTS-207), built on Mar 11 2024 19:01:50 by "mach5one" with MS VC++ 17.6 (VS2022)

END.
